[debug] [2023-02-11T08:17:42.748Z] ----------------------------------------------------------------------
[debug] [2023-02-11T08:17:42.750Z] Command:       C:\Program Files\nodejs\node.exe C:\Users\ADMIN\AppData\Roaming\npm\node_modules\firebase-tools\lib\bin\firebase.js init
[debug] [2023-02-11T08:17:42.751Z] CLI Version:   11.22.0
[debug] [2023-02-11T08:17:42.751Z] Platform:      win32
[debug] [2023-02-11T08:17:42.751Z] Node Version:  v16.13.1
[debug] [2023-02-11T08:17:42.752Z] Time:          Sat Feb 11 2023 13:47:42 GMT+0530 (India Standard Time)
[debug] [2023-02-11T08:17:42.752Z] ----------------------------------------------------------------------
[debug] 
[debug] [2023-02-11T08:17:42.760Z] > command requires scopes: ["email","openid","https://www.googleapis.com/auth/cloudplatformprojects.readonly","https://www.googleapis.com/auth/firebase","https://www.googleapis.com/auth/cloud-platform"]
[debug] [2023-02-11T08:17:42.761Z] > authorizing via signed-in user (b1997oct@gmail.com)
[info] 
     ######## #### ########  ######## ########     ###     ######  ########
     ##        ##  ##     ## ##       ##     ##  ##   ##  ##       ##
     ######    ##  ########  ######   ########  #########  ######  ######
     ##        ##  ##    ##  ##       ##     ## ##     ##       ## ##
     ##       #### ##     ## ######## ########  ##     ##  ######  ########

You're about to initialize a Firebase project in this directory:

  D:\Preveen MGT\frontend

[info] 
=== Project Setup
[info] 
[info] First, let's associate this project directory with a Firebase project.
[info] You can create multiple project aliases by running firebase use --add, 
[info] but for now we'll just set up a default project.
[info] 
[debug] [2023-02-11T08:17:55.089Z] >>> [apiv2][query] GET https://firebase.googleapis.com/v1beta1/projects pageSize=100
[debug] [2023-02-11T08:17:56.560Z] <<< [apiv2][status] GET https://firebase.googleapis.com/v1beta1/projects 200
[debug] [2023-02-11T08:17:56.560Z] <<< [apiv2][body] GET https://firebase.googleapis.com/v1beta1/projects [omitted]
[info] i  Using project mydreampaints (Mydreampaints) 
[info] 
=== Hosting Setup
[info] 
[info] Your public directory is the folder (relative to your project directory) that
[info] will contain Hosting assets to be uploaded with firebase deploy. If you
[info] have a build process for your assets, use your build's output directory.
[info] 
[info] +  Wrote build/404.html 
[debug] [2023-02-11T08:18:38.512Z] >>> [apiv2][query] GET https://www.gstatic.com/firebasejs/releases.json [none]
[debug] [2023-02-11T08:18:38.794Z] <<< [apiv2][status] GET https://www.gstatic.com/firebasejs/releases.json 200
[debug] [2023-02-11T08:18:38.795Z] <<< [apiv2][body] GET https://www.gstatic.com/firebasejs/releases.json {"current":{"version":"9.17.1","browserURL":"https://www.gstatic.com/firebasejs/9.17.1/firebase.js","packageURL":"https://www.gstatic.com/firebasejs/9.17.1/firebase.tgz"},"live":{"version":"9.17","browserURL":"https://www.gstatic.com/firebasejs/live/9.17/firebase.js","packageURL":"https://www.gstatic.com/firebasejs/live/9.17/firebase.tgz"},"components":{"analytics":"https://www.gstatic.com/firebasejs/9.17.1/firebase-analytics.js","app":"https://www.gstatic.com/firebasejs/9.17.1/firebase-app.js","app-check":"https://www.gstatic.com/firebasejs/9.17.1/firebase-app-check.js","auth":"https://www.gstatic.com/firebasejs/9.17.1/firebase-auth.js","auth/cordova":"https://www.gstatic.com/firebasejs/9.17.1/firebase-auth/cordova.js","auth/react-native":"https://www.gstatic.com/firebasejs/9.17.1/firebase-auth/react-native.js","functions":"https://www.gstatic.com/firebasejs/9.17.1/firebase-functions.js","firestore":"https://www.gstatic.com/firebasejs/9.17.1/firebase-firestore.js","firestore/lite":"https://www.gstatic.com/firebasejs/9.17.1/firebase-firestore/lite.js","installations":"https://www.gstatic.com/firebasejs/9.17.1/firebase-installations.js","storage":"https://www.gstatic.com/firebasejs/9.17.1/firebase-storage.js","performance":"https://www.gstatic.com/firebasejs/9.17.1/firebase-performance.js","remote-config":"https://www.gstatic.com/firebasejs/9.17.1/firebase-remote-config.js","messaging":"https://www.gstatic.com/firebasejs/9.17.1/firebase-messaging.js","messaging/sw":"https://www.gstatic.com/firebasejs/9.17.1/firebase-messaging/sw.js","database":"https://www.gstatic.com/firebasejs/9.17.1/firebase-database.js","firestore.memory":"https://www.gstatic.com/firebasejs/9.17.1/firebase-firestore.memory.js"}}
[info] i  Skipping write of build/index.html 
[info] 
[info] i  Detected a .git folder at D:\Preveen MGT\frontend 
[info] i  Authorizing with GitHub to upload your service account to a GitHub repository's secrets store. 
[info] 
[info] Visit this URL on this device to log in:
[info] https://github.com/login/oauth/authorize?client_id=89cf50f02ac6aaed3484&state=891320326&redirect_uri=http%3A%2F%2Flocalhost%3A9005&scope=read%3Auser%20repo%20public_repo
[info] 
[info] Waiting for authentication...
[debug] [2023-02-11T08:20:24.744Z] >>> [apiv2][query] POST https://github.com/login/oauth/access_token [none]
[debug] [2023-02-11T08:20:24.744Z] >>> [apiv2][body] POST https://github.com/login/oauth/access_token [stream]
[debug] [2023-02-11T08:20:25.595Z] <<< [apiv2][status] POST https://github.com/login/oauth/access_token 200
[debug] [2023-02-11T08:20:25.596Z] <<< [apiv2][body] POST https://github.com/login/oauth/access_token {"access_token":"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","token_type":"bearer","scope":"read:user,repo"}
[debug] [2023-02-11T08:20:25.611Z] >>> [apiv2][query] GET https://api.github.com/user [none]
[debug] [2023-02-11T08:20:26.204Z] <<< [apiv2][status] GET https://api.github.com/user 200
[debug] [2023-02-11T08:20:26.204Z] <<< [apiv2][body] GET https://api.github.com/user {"login":"b1997oct","id":118621069,"node_id":"U_kgDOBxIDjQ","avatar_url":"https://avatars.githubusercontent.com/u/118621069?v=4","gravatar_id":"","url":"https://api.github.com/users/b1997oct","html_url":"https://github.com/b1997oct","followers_url":"https://api.github.com/users/b1997oct/followers","following_url":"https://api.github.com/users/b1997oct/following{/other_user}","gists_url":"https://api.github.com/users/b1997oct/gists{/gist_id}","starred_url":"https://api.github.com/users/b1997oct/starred{/owner}{/repo}","subscriptions_url":"https://api.github.com/users/b1997oct/subscriptions","organizations_url":"https://api.github.com/users/b1997oct/orgs","repos_url":"https://api.github.com/users/b1997oct/repos","events_url":"https://api.github.com/users/b1997oct/events{/privacy}","received_events_url":"https://api.github.com/users/b1997oct/received_events","type":"User","site_admin":false,"name":null,"company":null,"blog":"","location":null,"email":null,"hireable":null,"bio":null,"twitter_username":null,"public_repos":1,"public_gists":0,"followers":0,"following":0,"created_at":"2022-11-19T15:30:58Z","updated_at":"2023-02-05T04:51:38Z","private_gists":0,"total_private_repos":2,"owned_private_repos":2,"disk_usage":20745,"collaborators":2,"two_factor_authentication":false,"plan":{"name":"free","space":976562499,"collaborators":0,"private_repos":10000}}
[info] 
[info] +  Success! Logged into GitHub as b1997oct 
[info] 
[debug] [2023-02-11T08:20:38.526Z] >>> [apiv2][query] GET https://api.github.com/repos//actions/secrets/public-key type=owner
[debug] [2023-02-11T08:20:39.264Z] <<< [apiv2][status] GET https://api.github.com/repos//actions/secrets/public-key 404
[debug] [2023-02-11T08:20:39.265Z] <<< [apiv2][body] GET https://api.github.com/repos//actions/secrets/public-key {"message":"Not Found","documentation_url":"https://docs.github.com/rest"}
[debug] [2023-02-11T08:21:02.401Z] >>> [apiv2][query] GET https://api.github.com/repos/user/actions/secrets/public-key type=owner
[debug] [2023-02-11T08:21:02.980Z] <<< [apiv2][status] GET https://api.github.com/repos/user/actions/secrets/public-key 404
[debug] [2023-02-11T08:21:02.980Z] <<< [apiv2][body] GET https://api.github.com/repos/user/actions/secrets/public-key {"message":"Not Found","documentation_url":"https://docs.github.com/rest"}
[debug] [2023-02-11T08:21:08.145Z] >>> [apiv2][query] GET https://api.github.com/repos/user/actions/secrets/public-key type=owner
[debug] [2023-02-11T08:21:08.377Z] >>> [apiv2][query] GET https://api.github.com/repos//actions/secrets/public-key type=owner
[debug] [2023-02-11T08:21:08.746Z] <<< [apiv2][status] GET https://api.github.com/repos/user/actions/secrets/public-key 404
[debug] [2023-02-11T08:21:08.746Z] <<< [apiv2][body] GET https://api.github.com/repos/user/actions/secrets/public-key {"message":"Not Found","documentation_url":"https://docs.github.com/rest"}
[debug] [2023-02-11T08:21:08.853Z] <<< [apiv2][status] GET https://api.github.com/repos//actions/secrets/public-key 404
[debug] [2023-02-11T08:21:08.853Z] <<< [apiv2][body] GET https://api.github.com/repos//actions/secrets/public-key {"message":"Not Found","documentation_url":"https://docs.github.com/rest"}
[debug] [2023-02-11T08:21:09.740Z] >>> [apiv2][query] GET https://api.github.com/repos/user/actions/secrets/public-key type=owner
[debug] [2023-02-11T08:21:10.240Z] <<< [apiv2][status] GET https://api.github.com/repos/user/actions/secrets/public-key 404
[debug] [2023-02-11T08:21:10.240Z] <<< [apiv2][body] GET https://api.github.com/repos/user/actions/secrets/public-key {"message":"Not Found","documentation_url":"https://docs.github.com/rest"}
[debug] [2023-02-11T08:21:15.856Z] >>> [apiv2][query] GET https://api.github.com/repos/y/actions/secrets/public-key type=owner
[debug] [2023-02-11T08:21:16.399Z] <<< [apiv2][status] GET https://api.github.com/repos/y/actions/secrets/public-key 404
[debug] [2023-02-11T08:21:16.399Z] <<< [apiv2][body] GET https://api.github.com/repos/y/actions/secrets/public-key {"message":"Not Found","documentation_url":"https://docs.github.com/rest"}
[debug] [2023-02-11T08:21:33.126Z] >>> [apiv2][query] GET https://api.github.com/repos/praveenMGT/actions/secrets/public-key type=owner
[debug] [2023-02-11T08:21:33.698Z] <<< [apiv2][status] GET https://api.github.com/repos/praveenMGT/actions/secrets/public-key 404
[debug] [2023-02-11T08:21:33.698Z] <<< [apiv2][body] GET https://api.github.com/repos/praveenMGT/actions/secrets/public-key {"message":"Not Found","documentation_url":"https://docs.github.com/rest"}
[debug] [2023-02-11T08:21:58.196Z] >>> [apiv2][query] GET https://api.github.com/repos/b1997oct/praveenMGT/actions/secrets/public-key type=owner
[debug] [2023-02-11T08:21:58.683Z] <<< [apiv2][status] GET https://api.github.com/repos/b1997oct/praveenMGT/actions/secrets/public-key 404
[debug] [2023-02-11T08:21:58.683Z] <<< [apiv2][body] GET https://api.github.com/repos/b1997oct/praveenMGT/actions/secrets/public-key {"message":"Not Found","documentation_url":"https://docs.github.com/rest/reference/actions#get-a-repository-public-key"}
[debug] [2023-02-11T08:22:00.489Z] >>> [apiv2][query] GET https://api.github.com/repos/b1997oct/praveenMGT/actions/secrets/public-key type=owner
[debug] [2023-02-11T08:22:00.926Z] >>> [apiv2][query] GET https://api.github.com/repos//actions/secrets/public-key type=owner
[debug] [2023-02-11T08:22:01.283Z] <<< [apiv2][status] GET https://api.github.com/repos/b1997oct/praveenMGT/actions/secrets/public-key 404
[debug] [2023-02-11T08:22:01.284Z] <<< [apiv2][body] GET https://api.github.com/repos/b1997oct/praveenMGT/actions/secrets/public-key {"message":"Not Found","documentation_url":"https://docs.github.com/rest/reference/actions#get-a-repository-public-key"}
[debug] [2023-02-11T08:22:01.409Z] <<< [apiv2][status] GET https://api.github.com/repos//actions/secrets/public-key 404
[debug] [2023-02-11T08:22:01.409Z] <<< [apiv2][body] GET https://api.github.com/repos//actions/secrets/public-key {"message":"Not Found","documentation_url":"https://docs.github.com/rest"}
[debug] [2023-02-11T08:22:02.527Z] >>> [apiv2][query] GET https://api.github.com/repos/b1997oct/praveenMGT/actions/secrets/public-key type=owner
[debug] [2023-02-11T08:22:02.992Z] <<< [apiv2][status] GET https://api.github.com/repos/b1997oct/praveenMGT/actions/secrets/public-key 404
[debug] [2023-02-11T08:22:02.992Z] <<< [apiv2][body] GET https://api.github.com/repos/b1997oct/praveenMGT/actions/secrets/public-key {"message":"Not Found","documentation_url":"https://docs.github.com/rest/reference/actions#get-a-repository-public-key"}
